<?xml version="1.0" encoding="UTF-8" ?>
<testsuite failures="0" time="0.021" errors="0" skipped="0" tests="1" name="de.dvdb.domain.model.item.ItemTest">
  <properties>
    <property name="java.runtime.name" value="Java(TM) SE Runtime Environment"/>
    <property name="sun.boot.library.path" value="D:\Dev\Java\jdk1.6.0_20\jre\bin"/>
    <property name="java.vm.version" value="16.3-b01"/>
    <property name="java.vm.vendor" value="Sun Microsystems Inc."/>
    <property name="java.vendor.url" value="http://java.sun.com/"/>
    <property name="path.separator" value=";"/>
    <property name="java.vm.name" value="Java HotSpot(TM) 64-Bit Server VM"/>
    <property name="file.encoding.pkg" value="sun.io"/>
    <property name="user.country" value="US"/>
    <property name="sun.java.launcher" value="SUN_STANDARD"/>
    <property name="sun.os.patch.level" value=""/>
    <property name="java.vm.specification.name" value="Java Virtual Machine Specification"/>
    <property name="user.dir" value="D:\dvdb\workspace\dvdb.de\dvdb-ejb"/>
    <property name="java.runtime.version" value="1.6.0_20-b02"/>
    <property name="java.awt.graphicsenv" value="sun.awt.Win32GraphicsEnvironment"/>
    <property name="basedir" value="D:\dvdb\workspace\dvdb.de\dvdb-ejb"/>
    <property name="java.endorsed.dirs" value="D:\Dev\Java\jdk1.6.0_20\jre\lib\endorsed"/>
    <property name="os.arch" value="amd64"/>
    <property name="surefire.real.class.path" value="C:\Users\Christian\surefirebooter3484625412108785850.jar"/>
    <property name="java.io.tmpdir" value="C:\Users\Christian\"/>
    <property name="line.separator" value="
"/>
    <property name="java.vm.specification.vendor" value="Sun Microsystems Inc."/>
    <property name="user.variant" value=""/>
    <property name="os.name" value="Windows 7"/>
    <property name="sun.jnu.encoding" value="Cp1252"/>
    <property name="java.library.path" value="D:\Dev\Java\jdk1.6.0_20\jre\bin;.;C:\Windows\Sun\Java\bin;C:\Windows\system32;C:\Windows;D:\cygwin\usr\local\bin;D:\cygwin\bin;D:\cygwin\bin;C:\Windows\system32;C:\Windows;C:\Windows\System32\Wbem;C:\Windows\System32\WindowsPowerShell\v1.0\;C:\Program Files (x86)\ATI Technologies\ATI.ACE\Core-Static;C:\Program Files\SlikSvn\bin\;C:\Program Files\MySQL\MySQL Server 5.1\bin;D:\dvdb\tools\apache-maven-2.2.1\bin"/>
    <property name="surefire.test.class.path" value="D:\dvdb\workspace\dvdb.de\dvdb-ejb\target\test-classes;D:\dvdb\workspace\dvdb.de\dvdb-ejb\target\classes;D:\dvdb\repository\org\jboss\seam\jboss-seam\2.2.1.CR1\jboss-seam-2.2.1.CR1.jar;D:\dvdb\repository\com\thoughtworks\xstream\xstream\1.3.1\xstream-1.3.1.jar;D:\dvdb\repository\xpp3\xpp3_min\1.1.3.4.O\xpp3_min-1.1.3.4.O.jar;D:\dvdb\repository\org\jboss\el\jboss-el\1.0_02.CR4\jboss-el-1.0_02.CR4.jar;D:\dvdb\repository\javax\el\el-api\1.0\el-api-1.0.jar;D:\dvdb\repository\javax\ejb\ejb-api\3.0\ejb-api-3.0.jar;D:\dvdb\repository\javax\annotation\jsr250-api\1.0\jsr250-api-1.0.jar;D:\dvdb\repository\javax\persistence\persistence-api\1.0\persistence-api-1.0.jar;D:\dvdb\repository\org\hibernate\hibernate\3.2.6.ga\hibernate-3.2.6.ga.jar;D:\dvdb\repository\net\sf\ehcache\ehcache\1.2.3\ehcache-1.2.3.jar;D:\dvdb\repository\commons-logging\commons-logging\1.1.1\commons-logging-1.1.1.jar;D:\dvdb\repository\commons-collections\commons-collections\3.2\commons-collections-3.2.jar;D:\dvdb\repository\javax\transaction\jta\1.0.1B\jta-1.0.1B.jar;D:\dvdb\repository\asm\asm-attrs\1.5.3\asm-attrs-1.5.3.jar;D:\dvdb\repository\dom4j\dom4j\1.6.1\dom4j-1.6.1.jar;D:\dvdb\repository\antlr\antlr\2.7.6\antlr-2.7.6.jar;D:\dvdb\repository\cglib\cglib\2.1_3\cglib-2.1_3.jar;D:\dvdb\repository\asm\asm\1.5.3\asm-1.5.3.jar;D:\dvdb\repository\org\hibernate\hibernate-commons-annotations\3.3.0.ga\hibernate-commons-annotations-3.3.0.ga.jar;D:\dvdb\repository\org\hibernate\hibernate-annotations\3.4.0.GA\hibernate-annotations-3.4.0.GA.jar;D:\dvdb\repository\org\hibernate\ejb3-persistence\1.0.2.GA\ejb3-persistence-1.0.2.GA.jar;D:\dvdb\repository\org\hibernate\hibernate-core\3.3.0.SP1\hibernate-core-3.3.0.SP1.jar;D:\dvdb\repository\org\slf4j\slf4j-api\1.4.2\slf4j-api-1.4.2.jar;D:\dvdb\repository\org\hibernate\hibernate-validator\3.1.0.GA\hibernate-validator-3.1.0.GA.jar;D:\dvdb\repository\org\jboss\ws\jbossws-common\1.2.2.GA\jbossws-common-1.2.2.GA.jar;D:\dvdb\repository\org\jboss\ws\jbossws-spi\1.2.2.GA\jbossws-spi-1.2.2.GA.jar;D:\dvdb\repository\org\apache\ant\ant\1.7.1\ant-1.7.1.jar;D:\dvdb\repository\org\apache\ant\ant-launcher\1.7.1\ant-launcher-1.7.1.jar;D:\dvdb\repository\gnu-getopt\getopt\1.0.13\getopt-1.0.13.jar;D:\dvdb\repository\jboss\jaxbintros\jboss-jaxb-intros\1.0.2.GA\jboss-jaxb-intros-1.0.2.GA.jar;D:\dvdb\repository\commons-beanutils\commons-beanutils\1.8.3\commons-beanutils-1.8.3.jar;D:\dvdb\repository\junit\junit\3.8.1\junit-3.8.1.jar;D:\dvdb\repository\org\jboss\jboss-jaxws\2.0.1.SP2\jboss-jaxws-2.0.1.SP2.jar;D:\dvdb\repository\javax\xml\bind\jaxb-api\2.0\jaxb-api-2.0.jar;D:\dvdb\repository\javax\xml\bind\jsr173_api\1.0\jsr173_api-1.0.jar;D:\dvdb\repository\javax\activation\activation\1.1\activation-1.1.jar;D:\dvdb\repository\commons-codec\commons-codec\1.3\commons-codec-1.3.jar;D:\dvdb\repository\com\sun\xml\ws\jaxws-rt\2.1.4\jaxws-rt-2.1.4.jar;D:\dvdb\repository\javax\xml\ws\jaxws-api\2.1\jaxws-api-2.1.jar;D:\dvdb\repository\com\sun\xml\bind\jaxb-impl\2.1.7\jaxb-impl-2.1.7.jar;D:\dvdb\repository\com\sun\xml\messaging\saaj\saaj-impl\1.3.1\saaj-impl-1.3.1.jar;D:\dvdb\repository\javax\xml\soap\saaj-api\1.3\saaj-api-1.3.jar;D:\dvdb\repository\com\sun\xml\stream\buffer\streambuffer\0.7\streambuffer-0.7.jar;D:\dvdb\repository\org\jvnet\staxex\stax-ex\1.2\stax-ex-1.2.jar;D:\dvdb\repository\javax\xml\stream\stax-api\1.0\stax-api-1.0.jar;D:\dvdb\repository\com\sun\xml\stream\sjsxp\1.0.1\sjsxp-1.0.1.jar;D:\dvdb\repository\com\sun\org\apache\xml\internal\resolver\20050927\resolver-20050927.jar;D:\dvdb\repository\org\jvnet\mimepull\1.2\mimepull-1.2.jar;D:\dvdb\workspace\dvdb.de\dvdb-external\target\dvdb-external-1.0-SNAPSHOT.jar;D:\dvdb\repository\com\google\code\facebookapi\facebook-java-api\3.0.1\facebook-java-api-3.0.1.jar;D:\dvdb\repository\com\google\code\facebookapi\facebook-java-api-schema\3.0.1\facebook-java-api-schema-3.0.1.jar;D:\dvdb\repository\org\jvnet\jaxb2_commons\runtime\0.4.1.5\runtime-0.4.1.5.jar;D:\dvdb\repository\commons-lang\commons-lang\2.1\commons-lang-2.1.jar;D:\dvdb\repository\org\json\json\20080701\json-20080701.jar;D:\dvdb\repository\com\google\code\facebookapi\facebook-java-api-annotation-processor\3.0.1\facebook-java-api-annotation-processor-3.0.1.jar;D:\dvdb\repository\commons-httpclient\commons-httpclient\3.1\commons-httpclient-3.1.jar;D:\dvdb\repository\org\jboss\seam\jboss-seam-ui\2.2.1.CR1\jboss-seam-ui-2.2.1.CR1.jar;D:\dvdb\repository\org\jboss\seam\jboss-seam-jul\2.2.1.CR1\jboss-seam-jul-2.2.1.CR1.jar;D:\dvdb\repository\net\sf\json-lib\json-lib\2.3\json-lib-2.3-jdk15.jar;D:\dvdb\repository\net\sf\ezmorph\ezmorph\1.0.6\ezmorph-1.0.6.jar;"/>
    <property name="java.specification.name" value="Java Platform API Specification"/>
    <property name="java.class.version" value="50.0"/>
    <property name="sun.management.compiler" value="HotSpot 64-Bit Server Compiler"/>
    <property name="os.version" value="6.1"/>
    <property name="user.home" value="C:\Users\Christian"/>
    <property name="user.timezone" value=""/>
    <property name="java.awt.printerjob" value="sun.awt.windows.WPrinterJob"/>
    <property name="java.specification.version" value="1.6"/>
    <property name="file.encoding" value="Cp1252"/>
    <property name="user.name" value="Christian"/>
    <property name="java.class.path" value="D:\dvdb\workspace\dvdb.de\dvdb-ejb\target\test-classes;D:\dvdb\workspace\dvdb.de\dvdb-ejb\target\classes;D:\dvdb\repository\org\jboss\seam\jboss-seam\2.2.1.CR1\jboss-seam-2.2.1.CR1.jar;D:\dvdb\repository\com\thoughtworks\xstream\xstream\1.3.1\xstream-1.3.1.jar;D:\dvdb\repository\xpp3\xpp3_min\1.1.3.4.O\xpp3_min-1.1.3.4.O.jar;D:\dvdb\repository\org\jboss\el\jboss-el\1.0_02.CR4\jboss-el-1.0_02.CR4.jar;D:\dvdb\repository\javax\el\el-api\1.0\el-api-1.0.jar;D:\dvdb\repository\javax\ejb\ejb-api\3.0\ejb-api-3.0.jar;D:\dvdb\repository\javax\annotation\jsr250-api\1.0\jsr250-api-1.0.jar;D:\dvdb\repository\javax\persistence\persistence-api\1.0\persistence-api-1.0.jar;D:\dvdb\repository\org\hibernate\hibernate\3.2.6.ga\hibernate-3.2.6.ga.jar;D:\dvdb\repository\net\sf\ehcache\ehcache\1.2.3\ehcache-1.2.3.jar;D:\dvdb\repository\commons-logging\commons-logging\1.1.1\commons-logging-1.1.1.jar;D:\dvdb\repository\commons-collections\commons-collections\3.2\commons-collections-3.2.jar;D:\dvdb\repository\javax\transaction\jta\1.0.1B\jta-1.0.1B.jar;D:\dvdb\repository\asm\asm-attrs\1.5.3\asm-attrs-1.5.3.jar;D:\dvdb\repository\dom4j\dom4j\1.6.1\dom4j-1.6.1.jar;D:\dvdb\repository\antlr\antlr\2.7.6\antlr-2.7.6.jar;D:\dvdb\repository\cglib\cglib\2.1_3\cglib-2.1_3.jar;D:\dvdb\repository\asm\asm\1.5.3\asm-1.5.3.jar;D:\dvdb\repository\org\hibernate\hibernate-commons-annotations\3.3.0.ga\hibernate-commons-annotations-3.3.0.ga.jar;D:\dvdb\repository\org\hibernate\hibernate-annotations\3.4.0.GA\hibernate-annotations-3.4.0.GA.jar;D:\dvdb\repository\org\hibernate\ejb3-persistence\1.0.2.GA\ejb3-persistence-1.0.2.GA.jar;D:\dvdb\repository\org\hibernate\hibernate-core\3.3.0.SP1\hibernate-core-3.3.0.SP1.jar;D:\dvdb\repository\org\slf4j\slf4j-api\1.4.2\slf4j-api-1.4.2.jar;D:\dvdb\repository\org\hibernate\hibernate-validator\3.1.0.GA\hibernate-validator-3.1.0.GA.jar;D:\dvdb\repository\org\jboss\ws\jbossws-common\1.2.2.GA\jbossws-common-1.2.2.GA.jar;D:\dvdb\repository\org\jboss\ws\jbossws-spi\1.2.2.GA\jbossws-spi-1.2.2.GA.jar;D:\dvdb\repository\org\apache\ant\ant\1.7.1\ant-1.7.1.jar;D:\dvdb\repository\org\apache\ant\ant-launcher\1.7.1\ant-launcher-1.7.1.jar;D:\dvdb\repository\gnu-getopt\getopt\1.0.13\getopt-1.0.13.jar;D:\dvdb\repository\jboss\jaxbintros\jboss-jaxb-intros\1.0.2.GA\jboss-jaxb-intros-1.0.2.GA.jar;D:\dvdb\repository\commons-beanutils\commons-beanutils\1.8.3\commons-beanutils-1.8.3.jar;D:\dvdb\repository\junit\junit\3.8.1\junit-3.8.1.jar;D:\dvdb\repository\org\jboss\jboss-jaxws\2.0.1.SP2\jboss-jaxws-2.0.1.SP2.jar;D:\dvdb\repository\javax\xml\bind\jaxb-api\2.0\jaxb-api-2.0.jar;D:\dvdb\repository\javax\xml\bind\jsr173_api\1.0\jsr173_api-1.0.jar;D:\dvdb\repository\javax\activation\activation\1.1\activation-1.1.jar;D:\dvdb\repository\commons-codec\commons-codec\1.3\commons-codec-1.3.jar;D:\dvdb\repository\com\sun\xml\ws\jaxws-rt\2.1.4\jaxws-rt-2.1.4.jar;D:\dvdb\repository\javax\xml\ws\jaxws-api\2.1\jaxws-api-2.1.jar;D:\dvdb\repository\com\sun\xml\bind\jaxb-impl\2.1.7\jaxb-impl-2.1.7.jar;D:\dvdb\repository\com\sun\xml\messaging\saaj\saaj-impl\1.3.1\saaj-impl-1.3.1.jar;D:\dvdb\repository\javax\xml\soap\saaj-api\1.3\saaj-api-1.3.jar;D:\dvdb\repository\com\sun\xml\stream\buffer\streambuffer\0.7\streambuffer-0.7.jar;D:\dvdb\repository\org\jvnet\staxex\stax-ex\1.2\stax-ex-1.2.jar;D:\dvdb\repository\javax\xml\stream\stax-api\1.0\stax-api-1.0.jar;D:\dvdb\repository\com\sun\xml\stream\sjsxp\1.0.1\sjsxp-1.0.1.jar;D:\dvdb\repository\com\sun\org\apache\xml\internal\resolver\20050927\resolver-20050927.jar;D:\dvdb\repository\org\jvnet\mimepull\1.2\mimepull-1.2.jar;D:\dvdb\workspace\dvdb.de\dvdb-external\target\dvdb-external-1.0-SNAPSHOT.jar;D:\dvdb\repository\com\google\code\facebookapi\facebook-java-api\3.0.1\facebook-java-api-3.0.1.jar;D:\dvdb\repository\com\google\code\facebookapi\facebook-java-api-schema\3.0.1\facebook-java-api-schema-3.0.1.jar;D:\dvdb\repository\org\jvnet\jaxb2_commons\runtime\0.4.1.5\runtime-0.4.1.5.jar;D:\dvdb\repository\commons-lang\commons-lang\2.1\commons-lang-2.1.jar;D:\dvdb\repository\org\json\json\20080701\json-20080701.jar;D:\dvdb\repository\com\google\code\facebookapi\facebook-java-api-annotation-processor\3.0.1\facebook-java-api-annotation-processor-3.0.1.jar;D:\dvdb\repository\commons-httpclient\commons-httpclient\3.1\commons-httpclient-3.1.jar;D:\dvdb\repository\org\jboss\seam\jboss-seam-ui\2.2.1.CR1\jboss-seam-ui-2.2.1.CR1.jar;D:\dvdb\repository\org\jboss\seam\jboss-seam-jul\2.2.1.CR1\jboss-seam-jul-2.2.1.CR1.jar;D:\dvdb\repository\net\sf\json-lib\json-lib\2.3\json-lib-2.3-jdk15.jar;D:\dvdb\repository\net\sf\ezmorph\ezmorph\1.0.6\ezmorph-1.0.6.jar;"/>
    <property name="java.vm.specification.version" value="1.0"/>
    <property name="sun.arch.data.model" value="64"/>
    <property name="java.home" value="D:\Dev\Java\jdk1.6.0_20\jre"/>
    <property name="java.specification.vendor" value="Sun Microsystems Inc."/>
    <property name="user.language" value="en"/>
    <property name="awt.toolkit" value="sun.awt.windows.WToolkit"/>
    <property name="java.vm.info" value="mixed mode"/>
    <property name="java.version" value="1.6.0_20"/>
    <property name="java.ext.dirs" value="D:\Dev\Java\jdk1.6.0_20\jre\lib\ext;C:\Windows\Sun\Java\lib\ext"/>
    <property name="sun.boot.class.path" value="D:\Dev\Java\jdk1.6.0_20\jre\lib\resources.jar;D:\Dev\Java\jdk1.6.0_20\jre\lib\rt.jar;D:\Dev\Java\jdk1.6.0_20\jre\lib\sunrsasign.jar;D:\Dev\Java\jdk1.6.0_20\jre\lib\jsse.jar;D:\Dev\Java\jdk1.6.0_20\jre\lib\jce.jar;D:\Dev\Java\jdk1.6.0_20\jre\lib\charsets.jar;D:\Dev\Java\jdk1.6.0_20\jre\classes"/>
    <property name="java.vendor" value="Sun Microsystems Inc."/>
    <property name="localRepository" value="D:\dvdb\repository"/>
    <property name="file.separator" value="\"/>
    <property name="java.vendor.url.bug" value="http://java.sun.com/cgi-bin/bugreport.cgi"/>
    <property name="sun.cpu.endian" value="little"/>
    <property name="sun.io.unicode.encoding" value="UnicodeLittle"/>
    <property name="sun.desktop" value="windows"/>
    <property name="sun.cpu.isalist" value="amd64"/>
  </properties>
  <testcase time="0.009" classname="de.dvdb.domain.model.item.ItemTest" name="testFormatNumber"/>
</testsuite>